<?xml version="1.0" encoding="UTF-8"?>
<!-- Generated by org.testng.reporters.JUnitXMLReporter -->
<testsuite hostname="MacBook-Air.local" ignored="0" name="Free CRM App Test Cases" tests="6" failures="0" timestamp="2023-02-01T20:07:08 EST" time="76.024" errors="0">
  <testcase name="loginPageTitleTest" time="0.257" classname="com.crm.qa.testcases.LoginPageTest"/>
  <testcase name="crmLogoImageTest" time="0.453" classname="com.crm.qa.testcases.LoginPageTest"/>
  <testcase name="loginTest" time="5.752" classname="com.crm.qa.testcases.LoginPageTest"/>
  <testcase name="verifyHomePageTitle" time="0.029" classname="com.crm.qa.testcases.HomePageTest"/>
  <testcase name="verifyCorrectUserName" time="0.226" classname="com.crm.qa.testcases.HomePageTest"/>
  <testcase name="verifyContactsLinkTest" time="1.838" classname="com.crm.qa.testcases.HomePageTest"/>
</testsuite> <!-- Free CRM App Test Cases -->
