<?xml version="1.0" encoding="UTF-8"?>
<!-- Generated by org.testng.reporters.JUnitXMLReporter -->
<testsuite hostname="MacBook-Air.local" ignored="0" name="Default test" tests="3" failures="0" timestamp="2023-02-01T20:27:56 EST" time="32.514" errors="0">
  <testcase name="loginPageTitleTest" time="0.148" classname="com.crm.qa.testcases.LoginPageTest"/>
  <testcase name="crmLogoImageTest" time="0.45" classname="com.crm.qa.testcases.LoginPageTest"/>
  <testcase name="loginTest" time="6.626" classname="com.crm.qa.testcases.LoginPageTest"/>
</testsuite> <!-- Default test -->
