<?xml version="1.0" encoding="UTF-8"?>
<testng-results total="12" passed="12" failed="0" skipped="0">
  <reporter-output>
  </reporter-output>
  <suite started-at="2023-02-01T22:12:40Z" name="Surefire suite" finished-at="2023-02-01T22:15:39Z" duration-ms="178628">
    <groups>
    </groups>
    <test started-at="2023-02-01T22:12:40Z" name="Surefire test" finished-at="2023-02-01T22:15:39Z" duration-ms="178628">
      <class name="com.crm.qa.testcases.HomePageTest">
        <test-method is-config="true" signature="setUp()" started-at="2023-02-01T22:12:59Z" name="setUp" finished-at="2023-02-01T22:13:12Z" duration-ms="13110" status="PASS">
        </test-method>
        <test-method signature="verifyHomePageTitle()" started-at="2023-02-01T22:13:12Z" name="verifyHomePageTitle" finished-at="2023-02-01T22:13:12Z" duration-ms="27" status="PASS">
        </test-method>
        <test-method is-config="true" signature="tearDown()" started-at="2023-02-01T22:13:12Z" name="tearDown" finished-at="2023-02-01T22:13:12Z" duration-ms="85" status="PASS">
        </test-method>
        <test-method is-config="true" signature="setUp()" started-at="2023-02-01T22:13:34Z" name="setUp" finished-at="2023-02-01T22:13:47Z" duration-ms="12793" status="PASS">
        </test-method>
        <test-method signature="verifyCorrectUserName()" started-at="2023-02-01T22:13:47Z" name="verifyCorrectUserName" finished-at="2023-02-01T22:13:47Z" duration-ms="195" status="PASS">
        </test-method>
        <test-method is-config="true" signature="tearDown()" started-at="2023-02-01T22:13:47Z" name="tearDown" finished-at="2023-02-01T22:13:47Z" duration-ms="84" status="PASS">
        </test-method>
        <test-method is-config="true" signature="setUp()" started-at="2023-02-01T22:14:11Z" name="setUp" finished-at="2023-02-01T22:14:24Z" duration-ms="12825" status="PASS">
        </test-method>
        <test-method signature="verifyContactsLinkTest()" started-at="2023-02-01T22:14:24Z" name="verifyContactsLinkTest" finished-at="2023-02-01T22:14:25Z" duration-ms="1446" status="PASS">
        </test-method>
        <test-method is-config="true" signature="tearDown()" started-at="2023-02-01T22:14:25Z" name="tearDown" finished-at="2023-02-01T22:14:26Z" duration-ms="86" status="PASS">
        </test-method>
      </class>
      <class name="com.crm.qa.testcases.ContactsPageTest">
        <test-method is-config="true" signature="setUp()" started-at="2023-02-01T22:12:40Z" name="setUp" finished-at="2023-02-01T22:12:59Z" duration-ms="18288" status="PASS">
        </test-method>
        <test-method signature="verifyContactsPageLabel()" started-at="2023-02-01T22:12:59Z" name="verifyContactsPageLabel" finished-at="2023-02-01T22:12:59Z" duration-ms="135" status="PASS">
        </test-method>
        <test-method is-config="true" signature="tearDown()" started-at="2023-02-01T22:12:59Z" name="tearDown" finished-at="2023-02-01T22:12:59Z" duration-ms="93" status="PASS">
        </test-method>
        <test-method is-config="true" signature="setUp()" started-at="2023-02-01T22:13:20Z" name="setUp" finished-at="2023-02-01T22:13:32Z" duration-ms="12371" status="PASS">
        </test-method>
        <test-method signature="selectSingleContactsTest()" started-at="2023-02-01T22:13:32Z" name="selectSingleContactsTest" finished-at="2023-02-01T22:13:34Z" duration-ms="1576" status="PASS">
        </test-method>
        <test-method is-config="true" signature="tearDown()" started-at="2023-02-01T22:13:34Z" name="tearDown" finished-at="2023-02-01T22:13:34Z" duration-ms="85" status="PASS">
        </test-method>
        <test-method is-config="true" signature="setUp()" started-at="2023-02-01T22:13:57Z" name="setUp" finished-at="2023-02-01T22:14:10Z" duration-ms="12961" status="PASS">
        </test-method>
        <test-method signature="selectMultipleContactsTest()" started-at="2023-02-01T22:14:10Z" name="selectMultipleContactsTest" finished-at="2023-02-01T22:14:11Z" duration-ms="1531" status="PASS">
        </test-method>
        <test-method is-config="true" signature="tearDown()" started-at="2023-02-01T22:14:11Z" name="tearDown" finished-at="2023-02-01T22:14:11Z" duration-ms="88" status="PASS">
        </test-method>
        <test-method is-config="true" signature="setUp()" started-at="2023-02-01T22:14:39Z" name="setUp" finished-at="2023-02-01T22:14:52Z" duration-ms="13349" status="PASS">
        </test-method>
        <test-method signature="validateCreateNewContact(java.lang.String, java.lang.String, java.lang.String, java.lang.String)" started-at="2023-02-01T22:14:52Z" name="validateCreateNewContact" finished-at="2023-02-01T22:14:57Z" duration-ms="4186" status="PASS">
          <params>
            <param index="0">
              <value>
                <![CDATA[Mr.]]>
              </value>
            </param>
            <param index="1">
              <value>
                <![CDATA[Tom]]>
              </value>
            </param>
            <param index="2">
              <value>
                <![CDATA[Peter]]>
              </value>
            </param>
            <param index="3">
              <value>
                <![CDATA[Miscrosoft]]>
              </value>
            </param>
          </params>
        </test-method>
        <test-method is-config="true" signature="tearDown()" started-at="2023-02-01T22:14:57Z" name="tearDown" finished-at="2023-02-01T22:14:57Z" duration-ms="89" status="PASS">
        </test-method>
        <test-method is-config="true" signature="setUp()" started-at="2023-02-01T22:14:57Z" name="setUp" finished-at="2023-02-01T22:15:11Z" duration-ms="14853" status="PASS">
        </test-method>
        <test-method signature="validateCreateNewContact(java.lang.String, java.lang.String, java.lang.String, java.lang.String)" started-at="2023-02-01T22:15:11Z" name="validateCreateNewContact" finished-at="2023-02-01T22:15:22Z" duration-ms="10117" status="PASS">
          <params>
            <param index="0">
              <value>
                <![CDATA[Mrs.]]>
              </value>
            </param>
            <param index="1">
              <value>
                <![CDATA[Shreya]]>
              </value>
            </param>
            <param index="2">
              <value>
                <![CDATA[Helen]]>
              </value>
            </param>
            <param index="3">
              <value>
                <![CDATA[Google]]>
              </value>
            </param>
          </params>
        </test-method>
        <test-method is-config="true" signature="tearDown()" started-at="2023-02-01T22:15:22Z" name="tearDown" finished-at="2023-02-01T22:15:22Z" duration-ms="88" status="PASS">
        </test-method>
        <test-method is-config="true" signature="setUp()" started-at="2023-02-01T22:15:22Z" name="setUp" finished-at="2023-02-01T22:15:36Z" duration-ms="13948" status="PASS">
        </test-method>
        <test-method signature="validateCreateNewContact(java.lang.String, java.lang.String, java.lang.String, java.lang.String)" started-at="2023-02-01T22:15:36Z" name="validateCreateNewContact" finished-at="2023-02-01T22:15:39Z" duration-ms="3265" status="PASS">
          <params>
            <param index="0">
              <value>
                <![CDATA[Dr.]]>
              </value>
            </param>
            <param index="1">
              <value>
                <![CDATA[Bounty]]>
              </value>
            </param>
            <param index="2">
              <value>
                <![CDATA[Pottel]]>
              </value>
            </param>
            <param index="3">
              <value>
                <![CDATA[Adobe]]>
              </value>
            </param>
          </params>
        </test-method>
        <test-method is-config="true" signature="tearDown()" started-at="2023-02-01T22:15:39Z" name="tearDown" finished-at="2023-02-01T22:15:39Z" duration-ms="89" status="PASS">
        </test-method>
      </class>
      <class name="com.crm.qa.testcases.LoginPageTest">
        <test-method is-config="true" signature="setUp()" started-at="2023-02-01T22:13:12Z" name="setUp" finished-at="2023-02-01T22:13:20Z" duration-ms="7679" status="PASS">
        </test-method>
        <test-method signature="loginPageTitleTest()" started-at="2023-02-01T22:13:20Z" name="loginPageTitleTest" finished-at="2023-02-01T22:13:20Z" duration-ms="179" status="PASS">
        </test-method>
        <test-method is-config="true" signature="tearDown()" started-at="2023-02-01T22:13:20Z" name="tearDown" finished-at="2023-02-01T22:13:20Z" duration-ms="81" status="PASS">
        </test-method>
        <test-method is-config="true" signature="setUp()" started-at="2023-02-01T22:13:47Z" name="setUp" finished-at="2023-02-01T22:13:56Z" duration-ms="8915" status="PASS">
        </test-method>
        <test-method signature="crmLogoImageTest()" started-at="2023-02-01T22:13:56Z" name="crmLogoImageTest" finished-at="2023-02-01T22:13:56Z" duration-ms="450" status="PASS">
        </test-method>
        <test-method is-config="true" signature="tearDown()" started-at="2023-02-01T22:13:56Z" name="tearDown" finished-at="2023-02-01T22:13:57Z" duration-ms="80" status="PASS">
        </test-method>
        <test-method is-config="true" signature="setUp()" started-at="2023-02-01T22:14:26Z" name="setUp" finished-at="2023-02-01T22:14:33Z" duration-ms="7695" status="PASS">
        </test-method>
        <test-method signature="loginTest()" started-at="2023-02-01T22:14:33Z" name="loginTest" finished-at="2023-02-01T22:14:38Z" duration-ms="5159" status="PASS">
        </test-method>
        <test-method is-config="true" signature="tearDown()" started-at="2023-02-01T22:14:38Z" name="tearDown" finished-at="2023-02-01T22:14:38Z" duration-ms="86" status="PASS">
        </test-method>
      </class>
    </test>
  </suite>
</testng-results>
