<?xml version="1.0" encoding="UTF-8"?>
<testng-results skipped="0" failed="0" ignored="0" total="3" passed="3">
  <reporter-output>
  </reporter-output>
  <suite name="Default suite" duration-ms="32514" started-at="2023-02-01T20:27:24 EST" finished-at="2023-02-01T20:27:56 EST">
    <groups>
    </groups>
    <test name="Default test" duration-ms="32514" started-at="2023-02-01T20:27:24 EST" finished-at="2023-02-01T20:27:56 EST">
      <class name="com.crm.qa.testcases.LoginPageTest">
        <test-method status="PASS" signature="setUp()[pri:0, instance:com.crm.qa.testcases.LoginPageTest@4923ab24]" name="setUp" is-config="true" duration-ms="9612" started-at="2023-02-01T20:27:24 EST" finished-at="2023-02-01T20:27:34 EST">
          <reporter-output>
          </reporter-output>
        </test-method> <!-- setUp -->
        <test-method status="PASS" signature="loginPageTitleTest()[pri:1, instance:com.crm.qa.testcases.LoginPageTest@4923ab24]" name="loginPageTitleTest" duration-ms="148" started-at="2023-02-01T20:27:34 EST" finished-at="2023-02-01T20:27:34 EST">
          <reporter-output>
          </reporter-output>
        </test-method> <!-- loginPageTitleTest -->
        <test-method status="PASS" signature="tearDown()[pri:0, instance:com.crm.qa.testcases.LoginPageTest@4923ab24]" name="tearDown" is-config="true" duration-ms="85" started-at="2023-02-01T20:27:34 EST" finished-at="2023-02-01T20:27:34 EST">
          <reporter-output>
          </reporter-output>
        </test-method> <!-- tearDown -->
        <test-method status="PASS" signature="setUp()[pri:0, instance:com.crm.qa.testcases.LoginPageTest@4923ab24]" name="setUp" is-config="true" duration-ms="7692" started-at="2023-02-01T20:27:34 EST" finished-at="2023-02-01T20:27:42 EST">
          <reporter-output>
          </reporter-output>
        </test-method> <!-- setUp -->
        <test-method status="PASS" signature="crmLogoImageTest()[pri:2, instance:com.crm.qa.testcases.LoginPageTest@4923ab24]" name="crmLogoImageTest" duration-ms="450" started-at="2023-02-01T20:27:42 EST" finished-at="2023-02-01T20:27:42 EST">
          <reporter-output>
          </reporter-output>
        </test-method> <!-- crmLogoImageTest -->
        <test-method status="PASS" signature="tearDown()[pri:0, instance:com.crm.qa.testcases.LoginPageTest@4923ab24]" name="tearDown" is-config="true" duration-ms="87" started-at="2023-02-01T20:27:42 EST" finished-at="2023-02-01T20:27:42 EST">
          <reporter-output>
          </reporter-output>
        </test-method> <!-- tearDown -->
        <test-method status="PASS" signature="setUp()[pri:0, instance:com.crm.qa.testcases.LoginPageTest@4923ab24]" name="setUp" is-config="true" duration-ms="7676" started-at="2023-02-01T20:27:42 EST" finished-at="2023-02-01T20:27:50 EST">
          <reporter-output>
          </reporter-output>
        </test-method> <!-- setUp -->
        <test-method status="PASS" signature="loginTest()[pri:3, instance:com.crm.qa.testcases.LoginPageTest@4923ab24]" name="loginTest" duration-ms="6626" started-at="2023-02-01T20:27:50 EST" finished-at="2023-02-01T20:27:56 EST">
          <reporter-output>
          </reporter-output>
        </test-method> <!-- loginTest -->
        <test-method status="PASS" signature="tearDown()[pri:0, instance:com.crm.qa.testcases.LoginPageTest@4923ab24]" name="tearDown" is-config="true" duration-ms="89" started-at="2023-02-01T20:27:56 EST" finished-at="2023-02-01T20:27:56 EST">
          <reporter-output>
          </reporter-output>
        </test-method> <!-- tearDown -->
      </class> <!-- com.crm.qa.testcases.LoginPageTest -->
    </test> <!-- Default test -->
  </suite> <!-- Default suite -->
</testng-results>
